<?xml version="1.0" encoding="UTF-8"?>
<!-- Generated by org.testng.reporters.JUnitXMLReporter -->
<testsuite ignored="0" hostname="DESKTOP-3RTNBU8" failures="0" tests="5" name="Free CRM Cogmento App Test Cases" time="40.981" errors="0" timestamp="21 May 2020 17:19:17 GMT">
  <testcase classname="com.crm.qa.testcases.HomePageTest" name="validateDealsLinkDisplayTest" time="1.653"/>
  <testcase classname="com.crm.qa.testcases.LoginPageTest" name="validateLoginPageTitleTest" time="0.023"/>
  <testcase classname="com.crm.qa.testcases.LoginPageTest" name="validateLoginPageLinkTest" time="0.11"/>
  <testcase classname="com.crm.qa.testcases.LoginPageTest" name="loginTest" time="1.279"/>
  <testcase classname="com.crm.qa.testcases.LoginPageTest" name="validateHomePageLinkTest" time="1.861"/>
</testsuite> <!-- Free CRM Cogmento App Test Cases -->
