<?xml version="1.0" encoding="UTF-8"?>
<testsuite name="TestSuite" time="4.934" tests="5" errors="0" skipped="0" failures="0">
  <properties>
[...]
</properties>
  <testcase name="validateDealsLinkDisplayTest" classname="com.crm.qa.testcases.HomePageTest" time="1.654"/>
  <testcase name="validateLoginPageTitleTest" classname="com.crm.qa.testcases.LoginPageTest" time="0.022"/>
  <testcase name="validateLoginPageLinkTest" classname="com.crm.qa.testcases.LoginPageTest" time="0.122"/>
  <testcase name="loginTest" classname="com.crm.qa.testcases.LoginPageTest" time="1.271"/>
  <testcase name="validateHomePageLinkTest" classname="com.crm.qa.testcases.LoginPageTest" time="1.865"/>
</testsuite>