<?xml version="1.0" encoding="UTF-8"?>
<testng-results ignored="0" total="5" passed="5" failed="0" skipped="0">
  <reporter-output>
  </reporter-output>
  <suite started-at="2020-05-21T17:18:36Z" name="FREE CRM Cogmento Test Suite" finished-at="2020-05-21T17:19:16Z" duration-ms="40981">
    <groups>
    </groups>
    <test started-at="2020-05-21T17:18:36Z" name="Free CRM Cogmento App Test Cases" finished-at="2020-05-21T17:19:16Z" duration-ms="40981">
      <class name="com.crm.qa.testcases.HomePageTest">
        <test-method is-config="true" signature="initialization(java.lang.String)[pri:0, instance:com.crm.qa.testcases.HomePageTest@25a65b77]" started-at="2020-05-21T17:18:36Z" name="initialization" finished-at="2020-05-21T17:18:53Z" duration-ms="17433" status="PASS">
          <params>
            <param index="0">
              <value>
                <![CDATA[chrome]]>
              </value>
            </param>
          </params>
          <reporter-output>
          </reporter-output>
        </test-method> <!-- initialization -->
        <test-method is-config="true" signature="setUp()[pri:0, instance:com.crm.qa.testcases.HomePageTest@25a65b77]" started-at="2020-05-21T17:18:53Z" name="setUp" finished-at="2020-05-21T17:18:55Z" duration-ms="1576" status="PASS">
          <reporter-output>
          </reporter-output>
        </test-method> <!-- setUp -->
        <test-method signature="validateDealsLinkDisplayTest()[pri:1, instance:com.crm.qa.testcases.HomePageTest@25a65b77]" started-at="2020-05-21T17:18:55Z" name="validateDealsLinkDisplayTest" finished-at="2020-05-21T17:18:56Z" duration-ms="1653" status="PASS">
          <reporter-output>
          </reporter-output>
        </test-method> <!-- validateDealsLinkDisplayTest -->
        <test-method is-config="true" signature="tearDown()[pri:0, instance:com.crm.qa.testcases.HomePageTest@25a65b77]" started-at="2020-05-21T17:18:56Z" name="tearDown" finished-at="2020-05-21T17:18:58Z" duration-ms="1594" status="PASS">
          <reporter-output>
          </reporter-output>
        </test-method> <!-- tearDown -->
      </class> <!-- com.crm.qa.testcases.HomePageTest -->
      <class name="com.crm.qa.testcases.LoginPageTest">
        <test-method is-config="true" signature="initialization(java.lang.String)[pri:0, instance:com.crm.qa.testcases.LoginPageTest@2ed0fbae]" started-at="2020-05-21T17:18:58Z" name="initialization" finished-at="2020-05-21T17:19:11Z" duration-ms="13085" status="PASS">
          <params>
            <param index="0">
              <value>
                <![CDATA[chrome]]>
              </value>
            </param>
          </params>
          <reporter-output>
          </reporter-output>
        </test-method> <!-- initialization -->
        <test-method is-config="true" signature="setUp()[pri:0, instance:com.crm.qa.testcases.LoginPageTest@2ed0fbae]" started-at="2020-05-21T17:19:11Z" name="setUp" finished-at="2020-05-21T17:19:11Z" duration-ms="8" status="PASS">
          <reporter-output>
          </reporter-output>
        </test-method> <!-- setUp -->
        <test-method signature="validateLoginPageTitleTest()[pri:1, instance:com.crm.qa.testcases.LoginPageTest@2ed0fbae]" started-at="2020-05-21T17:19:11Z" name="validateLoginPageTitleTest" finished-at="2020-05-21T17:19:11Z" duration-ms="23" status="PASS">
          <reporter-output>
          </reporter-output>
        </test-method> <!-- validateLoginPageTitleTest -->
        <test-method is-config="true" signature="setUp()[pri:0, instance:com.crm.qa.testcases.LoginPageTest@2ed0fbae]" started-at="2020-05-21T17:19:11Z" name="setUp" finished-at="2020-05-21T17:19:11Z" duration-ms="2" status="PASS">
          <reporter-output>
          </reporter-output>
        </test-method> <!-- setUp -->
        <test-method signature="validateLoginPageLinkTest()[pri:2, instance:com.crm.qa.testcases.LoginPageTest@2ed0fbae]" started-at="2020-05-21T17:19:11Z" name="validateLoginPageLinkTest" finished-at="2020-05-21T17:19:11Z" duration-ms="110" status="PASS">
          <reporter-output>
          </reporter-output>
        </test-method> <!-- validateLoginPageLinkTest -->
        <test-method is-config="true" signature="setUp()[pri:0, instance:com.crm.qa.testcases.LoginPageTest@2ed0fbae]" started-at="2020-05-21T17:19:11Z" name="setUp" finished-at="2020-05-21T17:19:11Z" duration-ms="2" status="PASS">
          <reporter-output>
          </reporter-output>
        </test-method> <!-- setUp -->
        <test-method signature="loginTest()[pri:3, instance:com.crm.qa.testcases.LoginPageTest@2ed0fbae]" started-at="2020-05-21T17:19:11Z" name="loginTest" finished-at="2020-05-21T17:19:12Z" duration-ms="1279" status="PASS">
          <reporter-output>
          </reporter-output>
        </test-method> <!-- loginTest -->
        <test-method is-config="true" signature="setUp()[pri:0, instance:com.crm.qa.testcases.LoginPageTest@2ed0fbae]" started-at="2020-05-21T17:19:12Z" name="setUp" finished-at="2020-05-21T17:19:12Z" duration-ms="3" status="PASS">
          <reporter-output>
          </reporter-output>
        </test-method> <!-- setUp -->
        <test-method signature="validateHomePageLinkTest()[pri:4, instance:com.crm.qa.testcases.LoginPageTest@2ed0fbae]" started-at="2020-05-21T17:19:12Z" name="validateHomePageLinkTest" finished-at="2020-05-21T17:19:14Z" duration-ms="1861" status="PASS">
          <reporter-output>
          </reporter-output>
        </test-method> <!-- validateHomePageLinkTest -->
        <test-method is-config="true" signature="tearDown()[pri:0, instance:com.crm.qa.testcases.LoginPageTest@2ed0fbae]" started-at="2020-05-21T17:19:14Z" name="tearDown" finished-at="2020-05-21T17:19:16Z" duration-ms="2301" status="PASS">
          <reporter-output>
          </reporter-output>
        </test-method> <!-- tearDown -->
      </class> <!-- com.crm.qa.testcases.LoginPageTest -->
    </test> <!-- Free CRM Cogmento App Test Cases -->
  </suite> <!-- FREE CRM Cogmento Test Suite -->
</testng-results>
